<?xml version="1.0" encoding="UTF-8"?>
<testng-results skipped="0" failed="0" ignored="0" total="2" passed="2">
  <reporter-output>
  </reporter-output>
  <suite name="Default suite" duration-ms="8190" started-at="2017-10-28T21:05:40Z" finished-at="2017-10-28T21:05:48Z">
    <groups>
    </groups>
    <test name="Default test" duration-ms="8190" started-at="2017-10-28T21:05:40Z" finished-at="2017-10-28T21:05:48Z">
      <class name="com.sqa.mc.WilliamSonomaTest">
        <test-method status="PASS" signature="setUpFirefox()[pri:0, instance:com.sqa.mc.WilliamSonomaTest@5f9d02cb]" name="setUpFirefox" is-config="true" duration-ms="8011" started-at="2017-10-28T14:05:40Z" finished-at="2017-10-28T14:05:48Z">
          <reporter-output>
          </reporter-output>
        </test-method> <!-- setUpFirefox -->
        <test-method status="PASS" signature="f(java.lang.Integer, java.lang.String)[pri:0, instance:com.sqa.mc.WilliamSonomaTest@5f9d02cb]" name="f" duration-ms="4" started-at="2017-10-28T14:05:48Z" data-provider="dp" finished-at="2017-10-28T14:05:48Z">
          <params>
            <param index="0">
              <value>
                <![CDATA[1]]>
              </value>
            </param>
            <param index="1">
              <value>
                <![CDATA[a]]>
              </value>
            </param>
          </params>
          <reporter-output>
          </reporter-output>
        </test-method> <!-- f -->
        <test-method status="PASS" signature="f(java.lang.Integer, java.lang.String)[pri:0, instance:com.sqa.mc.WilliamSonomaTest@5f9d02cb]" name="f" duration-ms="2" started-at="2017-10-28T14:05:48Z" data-provider="dp" finished-at="2017-10-28T14:05:48Z">
          <params>
            <param index="0">
              <value>
                <![CDATA[2]]>
              </value>
            </param>
            <param index="1">
              <value>
                <![CDATA[b]]>
              </value>
            </param>
          </params>
          <reporter-output>
          </reporter-output>
        </test-method> <!-- f -->
        <test-method status="PASS" signature="tearDown()[pri:0, instance:com.sqa.mc.WilliamSonomaTest@5f9d02cb]" name="tearDown" is-config="true" duration-ms="149" started-at="2017-10-28T14:05:48Z" finished-at="2017-10-28T14:05:48Z">
          <reporter-output>
          </reporter-output>
        </test-method> <!-- tearDown -->
      </class> <!-- com.sqa.mc.WilliamSonomaTest -->
    </test> <!-- Default test -->
  </suite> <!-- Default suite -->
</testng-results>
